********************************************************************************
DUPLICATOR-LITE PACKAGE-LOG: 30 October 2018 15 h 49 min
NOTICE: Do NOT post to public sites or forums 
********************************************************************************
VERSION:	1.2.52
WORDPRESS:	4.9.8
PHP INFO:	7.0.32-0ubuntu0.16.04.1 | SAPI: apache2handler
SERVER:		Apache/2.4.18 (Ubuntu) 
PHP TIME LIMIT: (0) no time limit imposed 
PHP MAX MEMORY: 2048M (128M default) 
MEMORY STACK: 4MB 

********************************************************************************
DATABASE:
********************************************************************************
BUILD MODE:   MYSQLDUMP
MYSQLTIMEOUT: 5000
MYSQLDUMP:    Is Supported 
FILTERED: [] 
RESPONSE: mysqldump: [Warning] Using a password on the command line interface can be insecure.
 
TABLES: total:19 | filtered:0 | create:19 
SQL CREATED: 20181030_playstation_53bdd99fc42e56117471_20181030154930_database.sql 
SQL FILE SIZE: 357.8KB (366390) 
SQL FILE TIME: 2018-10-30 15:49:41 
SQL RUNTIME: 0.13 sec. 

******************************************************************************** 
ARCHIVE (ZIP): 
******************************************************************************** 
ARCHIVE DIR:  /var/www/html 
ARCHIVE FILE: 20181030_playstation_53bdd99fc42e56117471_20181030154930_archive.zip 
FILTERS: *OFF* 
DIRS:
	not set 
FILES:
	not set 
EXTS:  not set 
---------------------------------------- 
COMPRESSING 
SIZE:	39.92MB 
STATS:	Dirs 486 | Files 2,434 
SQL ADDED: 20181030_playstation_53bdd99fc42e56117471_20181030154930_database.sql 
ZipArchive Object
(
    [status] => 0
    [statusSys] => 0
    [numFiles] => 2920
    [filename] => /var/www/html/wp-snapshots/tmp/20181030_playstation_53bdd99fc42e56117471_20181030154930_archive.zip
    [comment] => 
)
 
COMPRESSION RESULT: '1' 
COMPRESSED SIZE: 15.03MB 
ARCHIVE RUNTIME: 13.27 sec. 
MEMORY STACK: 6MB 

******************************************************************************** 
MAKE INSTALLER: 
******************************************************************************** 
Build Start 
Build Finished 
Preparing for use 
PACK SIZE:  
Template parsed with new data 
Complete [/var/www/html/wp-snapshots/tmp/20181030_playstation_53bdd99fc42e56117471_20181030154930_installer.php] 
Added to archive 

******************************************************************************** 
INTEGRITY CHECKS: 
******************************************************************************** 
SQL File: 357.8KB 
Installer File: 514.15KB 
Archive File: 15.03MB  

********************************************************************************
RECORD ID:[2]
TOTAL PROCESS RUNTIME: 14.17 sec.
PEAK PHP MEMORY USED: 6MB
DONE PROCESSING => 20181030_playstation 30 October 2018 15 h 49 min
 
